{"C:\\Users\\gianr\\OneDrive\\Área de Trabalho\\Tasks\\frontend\\src\\api\\axios.js": {"path":"C:\\Users\\gianr\\OneDrive\\Área de Trabalho\\Tasks\\frontend\\src\\api\\axios.js","statementMap":{"0":{"start":{"line":2,"column":12},"end":{"line":7,"column":2}}},"fnMap":{},"branchMap":{},"s":{"0":1},"f":{},"b":{},"_coverageSchema":"1a1c01bbd47fc00a2c39e90264f33305004495a9","hash":"fb0e2913be09d0a1e2278f327b5ef58b4e421447"}
,"C:\\Users\\gianr\\OneDrive\\Área de Trabalho\\Tasks\\frontend\\src\\api\\stepService.js": {"path":"C:\\Users\\gianr\\OneDrive\\Área de Trabalho\\Tasks\\frontend\\src\\api\\stepService.js","statementMap":{"0":{"start":{"line":2,"column":24},"end":{"line":8,"column":1}},"1":{"start":{"line":3,"column":2},"end":{"line":7,"column":3}},"2":{"start":{"line":4,"column":4},"end":{"line":4,"column":35}},"3":{"start":{"line":6,"column":4},"end":{"line":6,"column":23}},"4":{"start":{"line":9,"column":27},"end":{"line":15,"column":1}},"5":{"start":{"line":10,"column":2},"end":{"line":14,"column":3}},"6":{"start":{"line":11,"column":4},"end":{"line":11,"column":40}},"7":{"start":{"line":13,"column":4},"end":{"line":13,"column":23}}},"fnMap":{"0":{"name":"(anonymous_0)","decl":{"start":{"line":2,"column":24},"end":{"line":2,"column":25}},"loc":{"start":{"line":2,"column":36},"end":{"line":8,"column":1}},"line":2},"1":{"name":"(anonymous_1)","decl":{"start":{"line":9,"column":27},"end":{"line":9,"column":28}},"loc":{"start":{"line":9,"column":41},"end":{"line":15,"column":1}},"line":9}},"branchMap":{},"s":{"0":1,"1":0,"2":0,"3":0,"4":1,"5":0,"6":0,"7":0},"f":{"0":0,"1":0},"b":{},"_coverageSchema":"1a1c01bbd47fc00a2c39e90264f33305004495a9","hash":"9d1cab8edeab3fdb28fba3fcf8e445d6092fb3c1"}
,"C:\\Users\\gianr\\OneDrive\\Área de Trabalho\\Tasks\\frontend\\src\\api\\taskService.js": {"path":"C:\\Users\\gianr\\OneDrive\\Área de Trabalho\\Tasks\\frontend\\src\\api\\taskService.js","statementMap":{"0":{"start":{"line":2,"column":24},"end":{"line":8,"column":1}},"1":{"start":{"line":3,"column":2},"end":{"line":7,"column":3}},"2":{"start":{"line":4,"column":4},"end":{"line":4,"column":35}},"3":{"start":{"line":6,"column":4},"end":{"line":6,"column":25}},"4":{"start":{"line":9,"column":27},"end":{"line":15,"column":1}},"5":{"start":{"line":10,"column":2},"end":{"line":14,"column":3}},"6":{"start":{"line":11,"column":4},"end":{"line":11,"column":41}},"7":{"start":{"line":13,"column":4},"end":{"line":13,"column":25}},"8":{"start":{"line":16,"column":26},"end":{"line":22,"column":1}},"9":{"start":{"line":17,"column":2},"end":{"line":21,"column":3}},"10":{"start":{"line":18,"column":4},"end":{"line":18,"column":42}},"11":{"start":{"line":20,"column":4},"end":{"line":20,"column":25}},"12":{"start":{"line":23,"column":26},"end":{"line":29,"column":1}},"13":{"start":{"line":24,"column":2},"end":{"line":28,"column":3}},"14":{"start":{"line":25,"column":4},"end":{"line":25,"column":47}},"15":{"start":{"line":27,"column":4},"end":{"line":27,"column":25}},"16":{"start":{"line":30,"column":26},"end":{"line":36,"column":1}},"17":{"start":{"line":31,"column":2},"end":{"line":35,"column":3}},"18":{"start":{"line":32,"column":4},"end":{"line":32,"column":44}},"19":{"start":{"line":34,"column":4},"end":{"line":34,"column":25}}},"fnMap":{"0":{"name":"(anonymous_0)","decl":{"start":{"line":2,"column":24},"end":{"line":2,"column":25}},"loc":{"start":{"line":2,"column":36},"end":{"line":8,"column":1}},"line":2},"1":{"name":"(anonymous_1)","decl":{"start":{"line":9,"column":27},"end":{"line":9,"column":28}},"loc":{"start":{"line":9,"column":41},"end":{"line":15,"column":1}},"line":9},"2":{"name":"(anonymous_2)","decl":{"start":{"line":16,"column":26},"end":{"line":16,"column":27}},"loc":{"start":{"line":16,"column":42},"end":{"line":22,"column":1}},"line":16},"3":{"name":"(anonymous_3)","decl":{"start":{"line":23,"column":26},"end":{"line":23,"column":27}},"loc":{"start":{"line":23,"column":46},"end":{"line":29,"column":1}},"line":23},"4":{"name":"(anonymous_4)","decl":{"start":{"line":30,"column":26},"end":{"line":30,"column":27}},"loc":{"start":{"line":30,"column":40},"end":{"line":36,"column":1}},"line":30}},"branchMap":{},"s":{"0":1,"1":0,"2":0,"3":0,"4":1,"5":0,"6":0,"7":0,"8":1,"9":0,"10":0,"11":0,"12":1,"13":0,"14":0,"15":0,"16":1,"17":0,"18":0,"19":0},"f":{"0":0,"1":0,"2":0,"3":0,"4":0},"b":{},"_coverageSchema":"1a1c01bbd47fc00a2c39e90264f33305004495a9","hash":"6db6f161032021da9dc0c1d20bb5c97222bac07c"}
,"C:\\Users\\gianr\\OneDrive\\Área de Trabalho\\Tasks\\frontend\\src\\components\\ButtonStepToggleStatus\\index.jsx": {"path":"C:\\Users\\gianr\\OneDrive\\Área de Trabalho\\Tasks\\frontend\\src\\components\\ButtonStepToggleStatus\\index.jsx","statementMap":{"0":{"start":{"line":3,"column":2},"end":{"line":15,"column":4}}},"fnMap":{"0":{"name":"ButtonStepToggleStatus","decl":{"start":{"line":2,"column":16},"end":{"line":2,"column":38}},"loc":{"start":{"line":2,"column":58},"end":{"line":16,"column":1}},"line":2}},"branchMap":{"0":{"loc":{"start":{"line":8,"column":12},"end":{"line":10,"column":52}},"type":"cond-expr","locations":[{"start":{"line":9,"column":16},"end":{"line":9,"column":46}},{"start":{"line":10,"column":16},"end":{"line":10,"column":52}}],"line":8}},"s":{"0":0},"f":{"0":0},"b":{"0":[0,0]},"_coverageSchema":"1a1c01bbd47fc00a2c39e90264f33305004495a9","hash":"fed41ba72f6246f450bc6f4b411f7bf0754d4292"}
,"C:\\Users\\gianr\\OneDrive\\Área de Trabalho\\Tasks\\frontend\\src\\components\\ButtonTaskDelete\\index.jsx": {"path":"C:\\Users\\gianr\\OneDrive\\Área de Trabalho\\Tasks\\frontend\\src\\components\\ButtonTaskDelete\\index.jsx","statementMap":{"0":{"start":{"line":3,"column":2},"end":{"line":9,"column":4}}},"fnMap":{"0":{"name":"ButtonTaskDelete","decl":{"start":{"line":2,"column":16},"end":{"line":2,"column":32}},"loc":{"start":{"line":2,"column":46},"end":{"line":10,"column":1}},"line":2}},"branchMap":{},"s":{"0":2},"f":{"0":2},"b":{},"_coverageSchema":"1a1c01bbd47fc00a2c39e90264f33305004495a9","hash":"a43d553bb0e4a7a1e16bc8fb9ed3556e3f5fb9b0"}
,"C:\\Users\\gianr\\OneDrive\\Área de Trabalho\\Tasks\\frontend\\src\\components\\ButtonTaskEdit\\index.jsx": {"path":"C:\\Users\\gianr\\OneDrive\\Área de Trabalho\\Tasks\\frontend\\src\\components\\ButtonTaskEdit\\index.jsx","statementMap":{"0":{"start":{"line":3,"column":2},"end":{"line":9,"column":4}}},"fnMap":{"0":{"name":"ButtonTaskEdit","decl":{"start":{"line":2,"column":16},"end":{"line":2,"column":30}},"loc":{"start":{"line":2,"column":44},"end":{"line":10,"column":1}},"line":2}},"branchMap":{},"s":{"0":2},"f":{"0":2},"b":{},"_coverageSchema":"1a1c01bbd47fc00a2c39e90264f33305004495a9","hash":"23a28af33995562c99fc37f851f0f57826f2631f"}
,"C:\\Users\\gianr\\OneDrive\\Área de Trabalho\\Tasks\\frontend\\src\\components\\ButtonTaskToggleStatus\\index.jsx": {"path":"C:\\Users\\gianr\\OneDrive\\Área de Trabalho\\Tasks\\frontend\\src\\components\\ButtonTaskToggleStatus\\index.jsx","statementMap":{"0":{"start":{"line":3,"column":2},"end":{"line":15,"column":4}}},"fnMap":{"0":{"name":"ButtonTaskToggleStatus","decl":{"start":{"line":2,"column":16},"end":{"line":2,"column":38}},"loc":{"start":{"line":2,"column":58},"end":{"line":16,"column":1}},"line":2}},"branchMap":{"0":{"loc":{"start":{"line":8,"column":12},"end":{"line":10,"column":52}},"type":"cond-expr","locations":[{"start":{"line":9,"column":16},"end":{"line":9,"column":46}},{"start":{"line":10,"column":16},"end":{"line":10,"column":52}}],"line":8}},"s":{"0":2},"f":{"0":2},"b":{"0":[2,0]},"_coverageSchema":"1a1c01bbd47fc00a2c39e90264f33305004495a9","hash":"df119eb49d119e0c9d1a144750c515e822bb8dab"}
,"C:\\Users\\gianr\\OneDrive\\Área de Trabalho\\Tasks\\frontend\\src\\components\\Step\\index.jsx": {"path":"C:\\Users\\gianr\\OneDrive\\Área de Trabalho\\Tasks\\frontend\\src\\components\\Step\\index.jsx","statementMap":{"0":{"start":{"line":6,"column":19},"end":{"line":6,"column":32}},"1":{"start":{"line":7,"column":2},"end":{"line":21,"column":4}},"2":{"start":{"line":15,"column":27},"end":{"line":15,"column":53}}},"fnMap":{"0":{"name":"Step","decl":{"start":{"line":5,"column":16},"end":{"line":5,"column":20}},"loc":{"start":{"line":5,"column":31},"end":{"line":22,"column":1}},"line":5},"1":{"name":"(anonymous_1)","decl":{"start":{"line":15,"column":21},"end":{"line":15,"column":22}},"loc":{"start":{"line":15,"column":27},"end":{"line":15,"column":53}},"line":15}},"branchMap":{"0":{"loc":{"start":{"line":9,"column":37},"end":{"line":9,"column":75}},"type":"cond-expr","locations":[{"start":{"line":9,"column":54},"end":{"line":9,"column":70}},{"start":{"line":9,"column":73},"end":{"line":9,"column":75}}],"line":9}},"s":{"0":0,"1":0,"2":0},"f":{"0":0,"1":0},"b":{"0":[0,0]},"_coverageSchema":"1a1c01bbd47fc00a2c39e90264f33305004495a9","hash":"56606cfcabef910475b8425da3f5d934b93c2fbf"}
,"C:\\Users\\gianr\\OneDrive\\Área de Trabalho\\Tasks\\frontend\\src\\components\\Steps\\index.jsx": {"path":"C:\\Users\\gianr\\OneDrive\\Área de Trabalho\\Tasks\\frontend\\src\\components\\Steps\\index.jsx","statementMap":{"0":{"start":{"line":11,"column":19},"end":{"line":11,"column":32}},"1":{"start":{"line":13,"column":4},"end":{"line":13,"column":61}},"2":{"start":{"line":13,"column":46},"end":{"line":13,"column":60}},"3":{"start":{"line":14,"column":2},"end":{"line":20,"column":31}},"4":{"start":{"line":15,"column":4},"end":{"line":19,"column":5}},"5":{"start":{"line":16,"column":6},"end":{"line":16,"column":55}},"6":{"start":{"line":18,"column":6},"end":{"line":18,"column":57}},"7":{"start":{"line":21,"column":2},"end":{"line":29,"column":4}},"8":{"start":{"line":25,"column":10},"end":{"line":25,"column":52}}},"fnMap":{"0":{"name":"Steps","decl":{"start":{"line":10,"column":16},"end":{"line":10,"column":21}},"loc":{"start":{"line":10,"column":33},"end":{"line":30,"column":1}},"line":10},"1":{"name":"(anonymous_1)","decl":{"start":{"line":13,"column":36},"end":{"line":13,"column":37}},"loc":{"start":{"line":13,"column":46},"end":{"line":13,"column":60}},"line":13},"2":{"name":"(anonymous_2)","decl":{"start":{"line":14,"column":12},"end":{"line":14,"column":13}},"loc":{"start":{"line":14,"column":18},"end":{"line":20,"column":3}},"line":14},"3":{"name":"(anonymous_3)","decl":{"start":{"line":24,"column":19},"end":{"line":24,"column":20}},"loc":{"start":{"line":24,"column":29},"end":{"line":26,"column":9}},"line":24}},"branchMap":{"0":{"loc":{"start":{"line":13,"column":4},"end":{"line":13,"column":61}},"type":"binary-expr","locations":[{"start":{"line":13,"column":4},"end":{"line":13,"column":20}},{"start":{"line":13,"column":24},"end":{"line":13,"column":61}}],"line":13},"1":{"loc":{"start":{"line":15,"column":4},"end":{"line":19,"column":5}},"type":"if","locations":[{"start":{"line":15,"column":4},"end":{"line":19,"column":5}},{"start":{"line":17,"column":11},"end":{"line":19,"column":5}}],"line":15}},"s":{"0":0,"1":0,"2":0,"3":0,"4":0,"5":0,"6":0,"7":0,"8":0},"f":{"0":0,"1":0,"2":0,"3":0},"b":{"0":[0,0],"1":[0,0]},"_coverageSchema":"1a1c01bbd47fc00a2c39e90264f33305004495a9","hash":"b6515e3baeec5b80708f981c83e49f84fc43c426"}
,"C:\\Users\\gianr\\OneDrive\\Área de Trabalho\\Tasks\\frontend\\src\\components\\Task\\index.jsx": {"path":"C:\\Users\\gianr\\OneDrive\\Área de Trabalho\\Tasks\\frontend\\src\\components\\Task\\index.jsx","statementMap":{"0":{"start":{"line":14,"column":19},"end":{"line":14,"column":32}},"1":{"start":{"line":15,"column":16},"end":{"line":17,"column":3}},"2":{"start":{"line":16,"column":4},"end":{"line":16,"column":64}},"3":{"start":{"line":16,"column":39},"end":{"line":16,"column":63}},"4":{"start":{"line":18,"column":21},"end":{"line":18,"column":67}},"5":{"start":{"line":18,"column":44},"end":{"line":18,"column":66}},"6":{"start":{"line":19,"column":21},"end":{"line":19,"column":67}},"7":{"start":{"line":19,"column":44},"end":{"line":19,"column":66}},"8":{"start":{"line":20,"column":18},"end":{"line":20,"column":30}},"9":{"start":{"line":21,"column":18},"end":{"line":21,"column":30}},"10":{"start":{"line":22,"column":44},"end":{"line":22,"column":59}},"11":{"start":{"line":23,"column":24},"end":{"line":26,"column":3}},"12":{"start":{"line":24,"column":24},"end":{"line":24,"column":59}},"13":{"start":{"line":25,"column":4},"end":{"line":25,"column":34}},"14":{"start":{"line":27,"column":23},"end":{"line":29,"column":3}},"15":{"start":{"line":28,"column":4},"end":{"line":28,"column":47}},"16":{"start":{"line":30,"column":2},"end":{"line":45,"column":19}},"17":{"start":{"line":31,"column":17},"end":{"line":31,"column":32}},"18":{"start":{"line":32,"column":4},"end":{"line":32,"column":22}},"19":{"start":{"line":32,"column":15},"end":{"line":32,"column":22}},"20":{"start":{"line":33,"column":17},"end":{"line":33,"column":32}},"21":{"start":{"line":34,"column":4},"end":{"line":34,"column":24}},"22":{"start":{"line":35,"column":4},"end":{"line":38,"column":6}},"23":{"start":{"line":39,"column":4},"end":{"line":42,"column":6}},"24":{"start":{"line":43,"column":4},"end":{"line":43,"column":53}},"25":{"start":{"line":44,"column":4},"end":{"line":44,"column":63}},"26":{"start":{"line":46,"column":2},"end":{"line":78,"column":4}},"27":{"start":{"line":65,"column":33},"end":{"line":65,"column":59}},"28":{"start":{"line":69,"column":45},"end":{"line":69,"column":71}},"29":{"start":{"line":70,"column":47},"end":{"line":70,"column":76}}},"fnMap":{"0":{"name":"Task","decl":{"start":{"line":13,"column":16},"end":{"line":13,"column":20}},"loc":{"start":{"line":13,"column":31},"end":{"line":79,"column":1}},"line":13},"1":{"name":"(anonymous_1)","decl":{"start":{"line":15,"column":28},"end":{"line":15,"column":29}},"loc":{"start":{"line":16,"column":4},"end":{"line":16,"column":64}},"line":16},"2":{"name":"(anonymous_2)","decl":{"start":{"line":16,"column":29},"end":{"line":16,"column":30}},"loc":{"start":{"line":16,"column":39},"end":{"line":16,"column":63}},"line":16},"3":{"name":"(anonymous_3)","decl":{"start":{"line":18,"column":33},"end":{"line":18,"column":34}},"loc":{"start":{"line":18,"column":44},"end":{"line":18,"column":66}},"line":18},"4":{"name":"(anonymous_4)","decl":{"start":{"line":19,"column":33},"end":{"line":19,"column":34}},"loc":{"start":{"line":19,"column":44},"end":{"line":19,"column":66}},"line":19},"5":{"name":"(anonymous_5)","decl":{"start":{"line":23,"column":24},"end":{"line":23,"column":25}},"loc":{"start":{"line":23,"column":34},"end":{"line":26,"column":3}},"line":23},"6":{"name":"(anonymous_6)","decl":{"start":{"line":27,"column":23},"end":{"line":27,"column":24}},"loc":{"start":{"line":27,"column":33},"end":{"line":29,"column":3}},"line":27},"7":{"name":"(anonymous_7)","decl":{"start":{"line":30,"column":18},"end":{"line":30,"column":19}},"loc":{"start":{"line":30,"column":24},"end":{"line":45,"column":3}},"line":30},"8":{"name":"(anonymous_8)","decl":{"start":{"line":65,"column":27},"end":{"line":65,"column":28}},"loc":{"start":{"line":65,"column":33},"end":{"line":65,"column":59}},"line":65},"9":{"name":"(anonymous_9)","decl":{"start":{"line":69,"column":39},"end":{"line":69,"column":40}},"loc":{"start":{"line":69,"column":45},"end":{"line":69,"column":71}},"line":69},"10":{"name":"(anonymous_10)","decl":{"start":{"line":70,"column":41},"end":{"line":70,"column":42}},"loc":{"start":{"line":70,"column":47},"end":{"line":70,"column":76}},"line":70}},"branchMap":{"0":{"loc":{"start":{"line":32,"column":4},"end":{"line":32,"column":22}},"type":"if","locations":[{"start":{"line":32,"column":4},"end":{"line":32,"column":22}},{"start":{},"end":{}}],"line":32},"1":{"loc":{"start":{"line":41,"column":9},"end":{"line":41,"column":66}},"type":"cond-expr","locations":[{"start":{"line":41,"column":39},"end":{"line":41,"column":62}},{"start":{"line":41,"column":65},"end":{"line":41,"column":66}}],"line":41},"2":{"loc":{"start":{"line":51,"column":44},"end":{"line":51,"column":82}},"type":"cond-expr","locations":[{"start":{"line":51,"column":61},"end":{"line":51,"column":77}},{"start":{"line":51,"column":80},"end":{"line":51,"column":82}}],"line":51},"3":{"loc":{"start":{"line":56,"column":46},"end":{"line":56,"column":85}},"type":"cond-expr","locations":[{"start":{"line":56,"column":62},"end":{"line":56,"column":80}},{"start":{"line":56,"column":83},"end":{"line":56,"column":85}}],"line":56},"4":{"loc":{"start":{"line":63,"column":15},"end":{"line":68,"column":15}},"type":"binary-expr","locations":[{"start":{"line":63,"column":15},"end":{"line":63,"column":33}},{"start":{"line":64,"column":16},"end":{"line":67,"column":18}}],"line":63},"5":{"loc":{"start":{"line":74,"column":11},"end":{"line":74,"column":54}},"type":"binary-expr","locations":[{"start":{"line":74,"column":11},"end":{"line":74,"column":27}},{"start":{"line":74,"column":31},"end":{"line":74,"column":54}}],"line":74}},"s":{"0":2,"1":2,"2":4,"3":0,"4":2,"5":4,"6":2,"7":4,"8":2,"9":2,"10":2,"11":2,"12":2,"13":2,"14":2,"15":4,"16":2,"17":2,"18":2,"19":0,"20":2,"21":2,"22":2,"23":2,"24":2,"25":2,"26":2,"27":0,"28":0,"29":0},"f":{"0":2,"1":4,"2":0,"3":4,"4":4,"5":2,"6":4,"7":2,"8":0,"9":0,"10":0},"b":{"0":[0,2],"1":[0,2],"2":[2,0],"3":[0,2],"4":[2,2],"5":[2,0]},"_coverageSchema":"1a1c01bbd47fc00a2c39e90264f33305004495a9","hash":"8e548dbb8c8693458c6065035bfd0a9c3029ac7d"}
,"C:\\Users\\gianr\\OneDrive\\Área de Trabalho\\Tasks\\frontend\\src\\store\\slices\\steps\\stepSlice.js": {"path":"C:\\Users\\gianr\\OneDrive\\Área de Trabalho\\Tasks\\frontend\\src\\store\\slices\\steps\\stepSlice.js","statementMap":{"0":{"start":{"line":4,"column":19},"end":{"line":4,"column":48}},"1":{"start":{"line":5,"column":21},"end":{"line":9,"column":1}},"2":{"start":{"line":10,"column":18},"end":{"line":45,"column":2}},"3":{"start":{"line":15,"column":19},"end":{"line":15,"column":70}},"4":{"start":{"line":15,"column":43},"end":{"line":15,"column":69}},"5":{"start":{"line":16,"column":6},"end":{"line":16,"column":24}},"6":{"start":{"line":16,"column":17},"end":{"line":16,"column":24}},"7":{"start":{"line":17,"column":6},"end":{"line":17,"column":39}},"8":{"start":{"line":20,"column":22},"end":{"line":20,"column":36}},"9":{"start":{"line":21,"column":6},"end":{"line":28,"column":8}},"10":{"start":{"line":22,"column":8},"end":{"line":27,"column":16}},"11":{"start":{"line":32,"column":4},"end":{"line":43,"column":9}},"12":{"start":{"line":34,"column":8},"end":{"line":34,"column":29}},"13":{"start":{"line":37,"column":8},"end":{"line":37,"column":30}},"14":{"start":{"line":38,"column":8},"end":{"line":38,"column":37}},"15":{"start":{"line":41,"column":8},"end":{"line":41,"column":30}},"16":{"start":{"line":42,"column":8},"end":{"line":42,"column":43}},"17":{"start":{"line":46,"column":42},"end":{"line":46,"column":59}}},"fnMap":{"0":{"name":"(anonymous_0)","decl":{"start":{"line":14,"column":4},"end":{"line":14,"column":5}},"loc":{"start":{"line":14,"column":30},"end":{"line":18,"column":5}},"line":14},"1":{"name":"(anonymous_1)","decl":{"start":{"line":15,"column":36},"end":{"line":15,"column":37}},"loc":{"start":{"line":15,"column":43},"end":{"line":15,"column":69}},"line":15},"2":{"name":"(anonymous_2)","decl":{"start":{"line":19,"column":4},"end":{"line":19,"column":5}},"loc":{"start":{"line":19,"column":30},"end":{"line":29,"column":5}},"line":19},"3":{"name":"(anonymous_3)","decl":{"start":{"line":21,"column":36},"end":{"line":21,"column":37}},"loc":{"start":{"line":22,"column":8},"end":{"line":27,"column":16}},"line":22},"4":{"name":"(anonymous_4)","decl":{"start":{"line":31,"column":17},"end":{"line":31,"column":18}},"loc":{"start":{"line":31,"column":30},"end":{"line":44,"column":3}},"line":31},"5":{"name":"(anonymous_5)","decl":{"start":{"line":33,"column":35},"end":{"line":33,"column":36}},"loc":{"start":{"line":33,"column":46},"end":{"line":35,"column":7}},"line":33},"6":{"name":"(anonymous_6)","decl":{"start":{"line":36,"column":37},"end":{"line":36,"column":38}},"loc":{"start":{"line":36,"column":56},"end":{"line":39,"column":7}},"line":36},"7":{"name":"(anonymous_7)","decl":{"start":{"line":40,"column":36},"end":{"line":40,"column":37}},"loc":{"start":{"line":40,"column":55},"end":{"line":43,"column":7}},"line":40}},"branchMap":{"0":{"loc":{"start":{"line":6,"column":9},"end":{"line":6,"column":49}},"type":"cond-expr","locations":[{"start":{"line":6,"column":22},"end":{"line":6,"column":44}},{"start":{"line":6,"column":47},"end":{"line":6,"column":49}}],"line":6},"1":{"loc":{"start":{"line":16,"column":6},"end":{"line":16,"column":24}},"type":"if","locations":[{"start":{"line":16,"column":6},"end":{"line":16,"column":24}},{"start":{},"end":{}}],"line":16},"2":{"loc":{"start":{"line":22,"column":8},"end":{"line":27,"column":16}},"type":"cond-expr","locations":[{"start":{"line":23,"column":12},"end":{"line":26,"column":13}},{"start":{"line":27,"column":12},"end":{"line":27,"column":16}}],"line":22}},"s":{"0":1,"1":1,"2":1,"3":0,"4":0,"5":0,"6":0,"7":0,"8":0,"9":0,"10":0,"11":0,"12":0,"13":0,"14":0,"15":0,"16":0,"17":1},"f":{"0":0,"1":0,"2":0,"3":0,"4":0,"5":0,"6":0,"7":0},"b":{"0":[0,1],"1":[0,0],"2":[0,0]},"_coverageSchema":"1a1c01bbd47fc00a2c39e90264f33305004495a9","hash":"b8210f9d24773b6b081c11a5a1abd7be688c4ced"}
,"C:\\Users\\gianr\\OneDrive\\Área de Trabalho\\Tasks\\frontend\\src\\store\\slices\\steps\\stepThunks.js": {"path":"C:\\Users\\gianr\\OneDrive\\Área de Trabalho\\Tasks\\frontend\\src\\store\\slices\\steps\\stepThunks.js","statementMap":{"0":{"start":{"line":3,"column":26},"end":{"line":7,"column":2}},"1":{"start":{"line":4,"column":19},"end":{"line":4,"column":35}},"2":{"start":{"line":5,"column":2},"end":{"line":5,"column":63}},"3":{"start":{"line":6,"column":2},"end":{"line":6,"column":23}}},"fnMap":{"0":{"name":"(anonymous_0)","decl":{"start":{"line":3,"column":63},"end":{"line":3,"column":64}},"loc":{"start":{"line":3,"column":75},"end":{"line":7,"column":1}},"line":3}},"branchMap":{},"s":{"0":1,"1":0,"2":0,"3":0},"f":{"0":0},"b":{},"_coverageSchema":"1a1c01bbd47fc00a2c39e90264f33305004495a9","hash":"fdbfd8e10bac71ed8faa2106154765278e88378b"}
,"C:\\Users\\gianr\\OneDrive\\Área de Trabalho\\Tasks\\frontend\\src\\store\\slices\\tasks\\taskSlice.js": {"path":"C:\\Users\\gianr\\OneDrive\\Área de Trabalho\\Tasks\\frontend\\src\\store\\slices\\tasks\\taskSlice.js","statementMap":{"0":{"start":{"line":3,"column":19},"end":{"line":3,"column":48}},"1":{"start":{"line":4,"column":21},"end":{"line":11,"column":1}},"2":{"start":{"line":12,"column":18},"end":{"line":92,"column":2}},"3":{"start":{"line":17,"column":6},"end":{"line":17,"column":30}},"4":{"start":{"line":18,"column":6},"end":{"line":18,"column":48}},"5":{"start":{"line":21,"column":6},"end":{"line":21,"column":31}},"6":{"start":{"line":22,"column":6},"end":{"line":22,"column":30}},"7":{"start":{"line":25,"column":19},"end":{"line":32,"column":7}},"8":{"start":{"line":33,"column":6},"end":{"line":33,"column":29}},"9":{"start":{"line":34,"column":6},"end":{"line":34,"column":21}},"10":{"start":{"line":37,"column":19},"end":{"line":37,"column":70}},"11":{"start":{"line":37,"column":43},"end":{"line":37,"column":69}},"12":{"start":{"line":38,"column":6},"end":{"line":38,"column":24}},"13":{"start":{"line":38,"column":17},"end":{"line":38,"column":24}},"14":{"start":{"line":39,"column":6},"end":{"line":39,"column":39}},"15":{"start":{"line":40,"column":6},"end":{"line":40,"column":76}},"16":{"start":{"line":43,"column":19},"end":{"line":43,"column":70}},"17":{"start":{"line":43,"column":43},"end":{"line":43,"column":69}},"18":{"start":{"line":44,"column":6},"end":{"line":44,"column":24}},"19":{"start":{"line":44,"column":17},"end":{"line":44,"column":24}},"20":{"start":{"line":45,"column":6},"end":{"line":45,"column":28}},"21":{"start":{"line":46,"column":6},"end":{"line":46,"column":52}},"22":{"start":{"line":49,"column":19},"end":{"line":49,"column":70}},"23":{"start":{"line":49,"column":43},"end":{"line":49,"column":69}},"24":{"start":{"line":50,"column":6},"end":{"line":50,"column":24}},"25":{"start":{"line":50,"column":17},"end":{"line":50,"column":24}},"26":{"start":{"line":51,"column":6},"end":{"line":51,"column":29}},"27":{"start":{"line":52,"column":6},"end":{"line":52,"column":32}},"28":{"start":{"line":55,"column":19},"end":{"line":55,"column":70}},"29":{"start":{"line":55,"column":43},"end":{"line":55,"column":69}},"30":{"start":{"line":56,"column":6},"end":{"line":56,"column":24}},"31":{"start":{"line":56,"column":17},"end":{"line":56,"column":24}},"32":{"start":{"line":57,"column":6},"end":{"line":57,"column":40}},"33":{"start":{"line":58,"column":6},"end":{"line":58,"column":38}},"34":{"start":{"line":59,"column":6},"end":{"line":59,"column":52}},"35":{"start":{"line":62,"column":6},"end":{"line":62,"column":77}},"36":{"start":{"line":62,"column":49},"end":{"line":62,"column":75}},"37":{"start":{"line":65,"column":22},"end":{"line":65,"column":36}},"38":{"start":{"line":66,"column":6},"end":{"line":74,"column":8}},"39":{"start":{"line":67,"column":8},"end":{"line":73,"column":16}},"40":{"start":{"line":78,"column":4},"end":{"line":90,"column":9}},"41":{"start":{"line":80,"column":8},"end":{"line":80,"column":29}},"42":{"start":{"line":83,"column":8},"end":{"line":83,"column":30}},"43":{"start":{"line":84,"column":8},"end":{"line":84,"column":43}},"44":{"start":{"line":85,"column":8},"end":{"line":85,"column":45}},"45":{"start":{"line":88,"column":8},"end":{"line":88,"column":30}},"46":{"start":{"line":89,"column":8},"end":{"line":89,"column":43}},"47":{"start":{"line":104,"column":4},"end":{"line":104,"column":21}}},"fnMap":{"0":{"name":"(anonymous_0)","decl":{"start":{"line":16,"column":4},"end":{"line":16,"column":5}},"loc":{"start":{"line":16,"column":30},"end":{"line":19,"column":5}},"line":16},"1":{"name":"(anonymous_1)","decl":{"start":{"line":20,"column":4},"end":{"line":20,"column":5}},"loc":{"start":{"line":20,"column":23},"end":{"line":23,"column":5}},"line":20},"2":{"name":"(anonymous_2)","decl":{"start":{"line":24,"column":4},"end":{"line":24,"column":5}},"loc":{"start":{"line":24,"column":27},"end":{"line":35,"column":5}},"line":24},"3":{"name":"(anonymous_3)","decl":{"start":{"line":36,"column":4},"end":{"line":36,"column":5}},"loc":{"start":{"line":36,"column":30},"end":{"line":41,"column":5}},"line":36},"4":{"name":"(anonymous_4)","decl":{"start":{"line":37,"column":36},"end":{"line":37,"column":37}},"loc":{"start":{"line":37,"column":43},"end":{"line":37,"column":69}},"line":37},"5":{"name":"(anonymous_5)","decl":{"start":{"line":42,"column":4},"end":{"line":42,"column":5}},"loc":{"start":{"line":42,"column":32},"end":{"line":47,"column":5}},"line":42},"6":{"name":"(anonymous_6)","decl":{"start":{"line":43,"column":36},"end":{"line":43,"column":37}},"loc":{"start":{"line":43,"column":43},"end":{"line":43,"column":69}},"line":43},"7":{"name":"(anonymous_7)","decl":{"start":{"line":48,"column":4},"end":{"line":48,"column":5}},"loc":{"start":{"line":48,"column":34},"end":{"line":53,"column":5}},"line":48},"8":{"name":"(anonymous_8)","decl":{"start":{"line":49,"column":36},"end":{"line":49,"column":37}},"loc":{"start":{"line":49,"column":43},"end":{"line":49,"column":69}},"line":49},"9":{"name":"(anonymous_9)","decl":{"start":{"line":54,"column":4},"end":{"line":54,"column":5}},"loc":{"start":{"line":54,"column":28},"end":{"line":60,"column":5}},"line":54},"10":{"name":"(anonymous_10)","decl":{"start":{"line":55,"column":36},"end":{"line":55,"column":37}},"loc":{"start":{"line":55,"column":43},"end":{"line":55,"column":69}},"line":55},"11":{"name":"(anonymous_11)","decl":{"start":{"line":61,"column":4},"end":{"line":61,"column":5}},"loc":{"start":{"line":61,"column":30},"end":{"line":63,"column":5}},"line":61},"12":{"name":"(anonymous_12)","decl":{"start":{"line":62,"column":39},"end":{"line":62,"column":40}},"loc":{"start":{"line":62,"column":49},"end":{"line":62,"column":75}},"line":62},"13":{"name":"(anonymous_13)","decl":{"start":{"line":64,"column":4},"end":{"line":64,"column":5}},"loc":{"start":{"line":64,"column":30},"end":{"line":75,"column":5}},"line":64},"14":{"name":"(anonymous_14)","decl":{"start":{"line":66,"column":36},"end":{"line":66,"column":37}},"loc":{"start":{"line":67,"column":8},"end":{"line":73,"column":16}},"line":67},"15":{"name":"(anonymous_15)","decl":{"start":{"line":77,"column":17},"end":{"line":77,"column":18}},"loc":{"start":{"line":77,"column":30},"end":{"line":91,"column":3}},"line":77},"16":{"name":"(anonymous_16)","decl":{"start":{"line":79,"column":35},"end":{"line":79,"column":36}},"loc":{"start":{"line":79,"column":46},"end":{"line":81,"column":7}},"line":79},"17":{"name":"(anonymous_17)","decl":{"start":{"line":82,"column":37},"end":{"line":82,"column":38}},"loc":{"start":{"line":82,"column":56},"end":{"line":86,"column":7}},"line":82},"18":{"name":"(anonymous_18)","decl":{"start":{"line":87,"column":36},"end":{"line":87,"column":37}},"loc":{"start":{"line":87,"column":55},"end":{"line":90,"column":7}},"line":87}},"branchMap":{"0":{"loc":{"start":{"line":5,"column":9},"end":{"line":5,"column":49}},"type":"cond-expr","locations":[{"start":{"line":5,"column":22},"end":{"line":5,"column":44}},{"start":{"line":5,"column":47},"end":{"line":5,"column":49}}],"line":5},"1":{"loc":{"start":{"line":6,"column":10},"end":{"line":6,"column":69}},"type":"cond-expr","locations":[{"start":{"line":6,"column":23},"end":{"line":6,"column":65}},{"start":{"line":6,"column":68},"end":{"line":6,"column":69}}],"line":6},"2":{"loc":{"start":{"line":18,"column":25},"end":{"line":18,"column":47}},"type":"binary-expr","locations":[{"start":{"line":18,"column":25},"end":{"line":18,"column":39}},{"start":{"line":18,"column":43},"end":{"line":18,"column":47}}],"line":18},"3":{"loc":{"start":{"line":38,"column":6},"end":{"line":38,"column":24}},"type":"if","locations":[{"start":{"line":38,"column":6},"end":{"line":38,"column":24}},{"start":{},"end":{}}],"line":38},"4":{"loc":{"start":{"line":40,"column":27},"end":{"line":40,"column":75}},"type":"cond-expr","locations":[{"start":{"line":40,"column":44},"end":{"line":40,"column":68}},{"start":{"line":40,"column":71},"end":{"line":40,"column":75}}],"line":40},"5":{"loc":{"start":{"line":44,"column":6},"end":{"line":44,"column":24}},"type":"if","locations":[{"start":{"line":44,"column":6},"end":{"line":44,"column":24}},{"start":{},"end":{}}],"line":44},"6":{"loc":{"start":{"line":50,"column":6},"end":{"line":50,"column":24}},"type":"if","locations":[{"start":{"line":50,"column":6},"end":{"line":50,"column":24}},{"start":{},"end":{}}],"line":50},"7":{"loc":{"start":{"line":56,"column":6},"end":{"line":56,"column":24}},"type":"if","locations":[{"start":{"line":56,"column":6},"end":{"line":56,"column":24}},{"start":{},"end":{}}],"line":56},"8":{"loc":{"start":{"line":67,"column":8},"end":{"line":73,"column":16}},"type":"cond-expr","locations":[{"start":{"line":68,"column":12},"end":{"line":72,"column":13}},{"start":{"line":73,"column":12},"end":{"line":73,"column":16}}],"line":67}},"s":{"0":1,"1":1,"2":1,"3":0,"4":0,"5":0,"6":0,"7":0,"8":0,"9":0,"10":0,"11":0,"12":0,"13":0,"14":0,"15":0,"16":0,"17":0,"18":0,"19":0,"20":0,"21":0,"22":0,"23":0,"24":0,"25":0,"26":0,"27":0,"28":0,"29":0,"30":0,"31":0,"32":0,"33":0,"34":0,"35":0,"36":0,"37":0,"38":0,"39":0,"40":0,"41":0,"42":0,"43":0,"44":0,"45":0,"46":0,"47":1},"f":{"0":0,"1":0,"2":0,"3":0,"4":0,"5":0,"6":0,"7":0,"8":0,"9":0,"10":0,"11":0,"12":0,"13":0,"14":0,"15":0,"16":0,"17":0,"18":0},"b":{"0":[0,1],"1":[0,1],"2":[0,0],"3":[0,0],"4":[0,0],"5":[0,0],"6":[0,0],"7":[0,0],"8":[0,0]},"_coverageSchema":"1a1c01bbd47fc00a2c39e90264f33305004495a9","hash":"c30c86c6518752f793e31d0d64ee3543f96d9160"}
,"C:\\Users\\gianr\\OneDrive\\Área de Trabalho\\Tasks\\frontend\\src\\store\\slices\\tasks\\taskThunks.js": {"path":"C:\\Users\\gianr\\OneDrive\\Área de Trabalho\\Tasks\\frontend\\src\\store\\slices\\tasks\\taskThunks.js","statementMap":{"0":{"start":{"line":6,"column":26},"end":{"line":15,"column":2}},"1":{"start":{"line":7,"column":19},"end":{"line":7,"column":35}},"2":{"start":{"line":8,"column":2},"end":{"line":8,"column":63}},"3":{"start":{"line":10,"column":4},"end":{"line":12,"column":9}},"4":{"start":{"line":11,"column":48},"end":{"line":11,"column":55}},"5":{"start":{"line":13,"column":2},"end":{"line":13,"column":41}},"6":{"start":{"line":14,"column":2},"end":{"line":14,"column":42}},"7":{"start":{"line":16,"column":30},"end":{"line":27,"column":1}},"8":{"start":{"line":19,"column":18},"end":{"line":19,"column":28}},"9":{"start":{"line":20,"column":43},"end":{"line":20,"column":53}},"10":{"start":{"line":21,"column":25},"end":{"line":23,"column":29}},"11":{"start":{"line":22,"column":24},"end":{"line":22,"column":69}},"12":{"start":{"line":23,"column":21},"end":{"line":23,"column":28}},"13":{"start":{"line":24,"column":4},"end":{"line":24,"column":39}},"14":{"start":{"line":25,"column":4},"end":{"line":25,"column":39}}},"fnMap":{"0":{"name":"(anonymous_0)","decl":{"start":{"line":6,"column":63},"end":{"line":6,"column":64}},"loc":{"start":{"line":6,"column":75},"end":{"line":15,"column":1}},"line":6},"1":{"name":"(anonymous_1)","decl":{"start":{"line":11,"column":38},"end":{"line":11,"column":39}},"loc":{"start":{"line":11,"column":48},"end":{"line":11,"column":55}},"line":11},"2":{"name":"(anonymous_2)","decl":{"start":{"line":18,"column":2},"end":{"line":18,"column":3}},"loc":{"start":{"line":18,"column":39},"end":{"line":26,"column":3}},"line":18},"3":{"name":"(anonymous_3)","decl":{"start":{"line":22,"column":14},"end":{"line":22,"column":15}},"loc":{"start":{"line":22,"column":24},"end":{"line":22,"column":69}},"line":22},"4":{"name":"(anonymous_4)","decl":{"start":{"line":23,"column":11},"end":{"line":23,"column":12}},"loc":{"start":{"line":23,"column":21},"end":{"line":23,"column":28}},"line":23}},"branchMap":{"0":{"loc":{"start":{"line":10,"column":4},"end":{"line":12,"column":9}},"type":"cond-expr","locations":[{"start":{"line":11,"column":8},"end":{"line":11,"column":61}},{"start":{"line":12,"column":8},"end":{"line":12,"column":9}}],"line":10}},"s":{"0":1,"1":0,"2":0,"3":0,"4":0,"5":0,"6":0,"7":1,"8":0,"9":0,"10":0,"11":0,"12":0,"13":0,"14":0},"f":{"0":0,"1":0,"2":0,"3":0,"4":0},"b":{"0":[0,0]},"_coverageSchema":"1a1c01bbd47fc00a2c39e90264f33305004495a9","hash":"b81180bd903769f868229eb7edde5c63d07897d6"}
,"C:\\Users\\gianr\\OneDrive\\Área de Trabalho\\Tasks\\frontend\\src\\utils\\recurrenceUtils.js": {"path":"C:\\Users\\gianr\\OneDrive\\Área de Trabalho\\Tasks\\frontend\\src\\utils\\recurrenceUtils.js","statementMap":{"0":{"start":{"line":2,"column":2},"end":{"line":2,"column":36}},"1":{"start":{"line":2,"column":23},"end":{"line":2,"column":36}},"2":{"start":{"line":3,"column":21},"end":{"line":3,"column":49}},"3":{"start":{"line":4,"column":23},"end":{"line":4,"column":77}},"4":{"start":{"line":5,"column":27},"end":{"line":5,"column":57}},"5":{"start":{"line":6,"column":25},"end":{"line":6,"column":79}},"6":{"start":{"line":7,"column":24},"end":{"line":7,"column":78}},"7":{"start":{"line":8,"column":2},"end":{"line":21,"column":3}},"8":{"start":{"line":10,"column":6},"end":{"line":10,"column":60}},"9":{"start":{"line":12,"column":6},"end":{"line":14,"column":8}},"10":{"start":{"line":16,"column":6},"end":{"line":16,"column":62}},"11":{"start":{"line":18,"column":6},"end":{"line":18,"column":36}},"12":{"start":{"line":20,"column":6},"end":{"line":20,"column":19}}},"fnMap":{"0":{"name":"shouldReset","decl":{"start":{"line":1,"column":16},"end":{"line":1,"column":27}},"loc":{"start":{"line":1,"column":62},"end":{"line":22,"column":1}},"line":1}},"branchMap":{"0":{"loc":{"start":{"line":2,"column":2},"end":{"line":2,"column":36}},"type":"if","locations":[{"start":{"line":2,"column":2},"end":{"line":2,"column":36}},{"start":{},"end":{}}],"line":2},"1":{"loc":{"start":{"line":8,"column":2},"end":{"line":21,"column":3}},"type":"switch","locations":[{"start":{"line":9,"column":4},"end":{"line":10,"column":60}},{"start":{"line":11,"column":4},"end":{"line":14,"column":8}},{"start":{"line":15,"column":4},"end":{"line":16,"column":62}},{"start":{"line":17,"column":4},"end":{"line":18,"column":36}},{"start":{"line":19,"column":4},"end":{"line":20,"column":19}}],"line":8},"2":{"loc":{"start":{"line":10,"column":13},"end":{"line":10,"column":59}},"type":"binary-expr","locations":[{"start":{"line":10,"column":13},"end":{"line":10,"column":37}},{"start":{"line":10,"column":41},"end":{"line":10,"column":59}}],"line":10},"3":{"loc":{"start":{"line":13,"column":8},"end":{"line":13,"column":79}},"type":"binary-expr","locations":[{"start":{"line":13,"column":9},"end":{"line":13,"column":29}},{"start":{"line":13,"column":33},"end":{"line":13,"column":47}},{"start":{"line":13,"column":52},"end":{"line":13,"column":79}}],"line":13},"4":{"loc":{"start":{"line":16,"column":13},"end":{"line":16,"column":61}},"type":"binary-expr","locations":[{"start":{"line":16,"column":13},"end":{"line":16,"column":35}},{"start":{"line":16,"column":39},"end":{"line":16,"column":61}}],"line":16}},"s":{"0":12,"1":1,"2":11,"3":11,"4":11,"5":11,"6":11,"7":11,"8":3,"9":3,"10":3,"11":2,"12":0},"f":{"0":12},"b":{"0":[1,11],"1":[3,3,3,2,0],"2":[3,2],"3":[3,3,2],"4":[3,2]},"_coverageSchema":"1a1c01bbd47fc00a2c39e90264f33305004495a9","hash":"5cffe07474ed2fe43437c24dcf831bdf44998a78"}
}
